<?xml version="1.0" encoding="UTF-8"?>
<coverage generated="1569107825227" clover="3.2.0">
  <project timestamp="1569107825227" name="All files">
    <metrics statements="518" coveredstatements="506" conditionals="164" coveredconditionals="160" methods="171" coveredmethods="164" elements="853" coveredelements="830" complexity="0" loc="518" ncloc="518" packages="11" files="73" classes="73">
      <package name="scripts">
        <metrics statements="11" coveredstatements="11" conditionals="1" coveredconditionals="1" methods="0" coveredmethods="0"/>
        <file name="config.js" path="/Volumes/Data/Project/Aimedis/app/scripts/config.js">
          <metrics statements="1" coveredstatements="1" conditionals="0" coveredconditionals="0" methods="0" coveredmethods="0"/>
          <line num="8" count="6" type="stmt"/>
        </file>
        <file name="index.jsx" path="/Volumes/Data/Project/Aimedis/app/scripts/index.jsx">
          <metrics statements="10" coveredstatements="10" conditionals="1" coveredconditionals="1" methods="0" coveredmethods="0"/>
          <line num="22" count="1" type="stmt"/>
          <line num="28" count="2" type="cond" truecount="1" falsecount="0"/>
          <line num="29" count="1" type="stmt"/>
          <line num="30" count="1" type="stmt"/>
          <line num="33" count="1" type="stmt"/>
          <line num="66" count="1" type="stmt"/>
          <line num="90" count="1" type="stmt"/>
          <line num="106" count="1" type="stmt"/>
          <line num="109" count="1" type="stmt"/>
          <line num="130" count="1" type="stmt"/>
        </file>
      </package>
      <package name="scripts.actions">
        <metrics statements="7" coveredstatements="7" conditionals="8" coveredconditionals="7" methods="4" coveredmethods="4"/>
        <file name="app.js" path="/Volumes/Data/Project/Aimedis/app/scripts/actions/app.js">
          <metrics statements="4" coveredstatements="4" conditionals="8" coveredconditionals="7" methods="2" coveredmethods="2"/>
          <line num="17" count="6" type="stmt"/>
          <line num="18" count="8" type="stmt"/>
          <line num="20" count="3" type="cond" truecount="2" falsecount="0"/>
          <line num="22" count="3" type="stmt"/>
        </file>
        <file name="index.js" path="/Volumes/Data/Project/Aimedis/app/scripts/actions/index.js">
          <metrics statements="0" coveredstatements="0" conditionals="0" coveredconditionals="0" methods="0" coveredmethods="0"/>
        </file>
        <file name="user.js" path="/Volumes/Data/Project/Aimedis/app/scripts/actions/user.js">
          <metrics statements="3" coveredstatements="3" conditionals="0" coveredconditionals="0" methods="2" coveredmethods="2"/>
          <line num="13" count="5" type="stmt"/>
          <line num="14" count="2" type="stmt"/>
          <line num="15" count="2" type="stmt"/>
        </file>
      </package>
      <package name="scripts.components">
        <metrics statements="299" coveredstatements="298" conditionals="114" coveredconditionals="114" methods="82" coveredmethods="79"/>
        <file name="Alert.jsx" path="/Volumes/Data/Project/Aimedis/app/scripts/components/Alert.jsx">
          <metrics statements="19" coveredstatements="19" conditionals="22" coveredconditionals="22" methods="1" coveredmethods="1"/>
          <line num="4" count="4" type="stmt"/>
          <line num="5" count="39" type="stmt"/>
          <line num="6" count="39" type="cond" truecount="2" falsecount="0"/>
          <line num="8" count="39" type="cond" truecount="6" falsecount="0"/>
          <line num="10" count="1" type="cond" truecount="2" falsecount="0"/>
          <line num="11" count="1" type="stmt"/>
          <line num="14" count="1" type="cond" truecount="2" falsecount="0"/>
          <line num="15" count="1" type="stmt"/>
          <line num="18" count="1" type="cond" truecount="2" falsecount="0"/>
          <line num="19" count="1" type="stmt"/>
          <line num="22" count="1" type="cond" truecount="2" falsecount="0"/>
          <line num="23" count="1" type="stmt"/>
          <line num="26" count="1" type="cond" truecount="2" falsecount="0"/>
          <line num="27" count="1" type="stmt"/>
          <line num="30" count="34" type="cond" truecount="2" falsecount="0"/>
          <line num="34" count="39" type="cond" truecount="2" falsecount="0"/>
          <line num="35" count="33" type="stmt"/>
          <line num="47" count="39" type="stmt"/>
          <line num="58" count="4" type="stmt"/>
        </file>
        <file name="Avatar.jsx" path="/Volumes/Data/Project/Aimedis/app/scripts/components/Avatar.jsx">
          <metrics statements="4" coveredstatements="4" conditionals="0" coveredconditionals="0" methods="1" coveredmethods="1"/>
          <line num="5" count="4" type="stmt"/>
          <line num="6" count="7" type="stmt"/>
          <line num="13" count="4" type="stmt"/>
          <line num="17" count="4" type="stmt"/>
        </file>
        <file name="BlogItem.jsx" path="/Volumes/Data/Project/Aimedis/app/scripts/components/BlogItem.jsx">
          <metrics statements="3" coveredstatements="3" conditionals="0" coveredconditionals="0" methods="1" coveredmethods="1"/>
          <line num="6" count="7" type="stmt"/>
          <line num="7" count="243" type="stmt"/>
          <line num="22" count="7" type="stmt"/>
        </file>
        <file name="BlogList.jsx" path="/Volumes/Data/Project/Aimedis/app/scripts/components/BlogList.jsx">
          <metrics statements="50" coveredstatements="50" conditionals="16" coveredconditionals="16" methods="10" coveredmethods="10"/>
          <line num="8" count="4" type="stmt"/>
          <line num="9" count="4" type="stmt"/>
          <line num="10" count="4" type="stmt"/>
          <line num="11" count="221" type="stmt"/>
          <line num="19" count="4" type="stmt"/>
          <line num="27" count="1" type="stmt"/>
          <line num="31" count="13" type="cond" truecount="2" falsecount="0"/>
          <line num="35" count="13" type="stmt"/>
          <line num="36" count="13" type="stmt"/>
          <line num="37" count="13" type="cond" truecount="2" falsecount="0"/>
          <line num="41" count="28" type="stmt"/>
          <line num="42" count="28" type="stmt"/>
          <line num="43" count="28" type="stmt"/>
          <line num="44" count="28" type="cond" truecount="2" falsecount="0"/>
          <line num="46" count="28" type="stmt"/>
          <line num="47" count="236" type="stmt"/>
          <line num="53" count="236" type="stmt"/>
          <line num="62" count="28" type="stmt"/>
          <line num="65" count="151" type="cond" truecount="2" falsecount="0"/>
          <line num="68" count="28" type="stmt"/>
          <line num="69" count="28" type="stmt"/>
          <line num="70" count="28" type="stmt"/>
          <line num="71" count="28" type="cond" truecount="2" falsecount="0"/>
          <line num="72" count="1" type="stmt"/>
          <line num="75" count="27" type="stmt"/>
          <line num="76" count="27" type="stmt"/>
          <line num="78" count="27" type="stmt"/>
          <line num="79" count="27" type="stmt"/>
          <line num="81" count="27" type="cond" truecount="2" falsecount="0"/>
          <line num="82" count="1" type="stmt"/>
          <line num="83" count="1" type="stmt"/>
          <line num="86" count="26" type="cond" truecount="2" falsecount="0"/>
          <line num="87" count="11" type="stmt"/>
          <line num="88" count="44" type="stmt"/>
          <line num="90" count="11" type="stmt"/>
          <line num="92" count="15" type="cond" truecount="2" falsecount="0"/>
          <line num="93" count="7" type="stmt"/>
          <line num="94" count="7" type="stmt"/>
          <line num="95" count="28" type="stmt"/>
          <line num="99" count="8" type="stmt"/>
          <line num="100" count="8" type="stmt"/>
          <line num="101" count="8" type="stmt"/>
          <line num="102" count="8" type="stmt"/>
          <line num="103" count="8" type="stmt"/>
          <line num="106" count="27" type="stmt"/>
          <line num="107" count="27" type="stmt"/>
          <line num="108" count="27" type="stmt"/>
          <line num="112" count="28" type="stmt"/>
          <line num="129" count="4" type="stmt"/>
          <line num="133" count="4" type="stmt"/>
        </file>
        <file name="CareerItem.jsx" path="/Volumes/Data/Project/Aimedis/app/scripts/components/CareerItem.jsx">
          <metrics statements="3" coveredstatements="3" conditionals="0" coveredconditionals="0" methods="1" coveredmethods="1"/>
          <line num="6" count="4" type="stmt"/>
          <line num="7" count="6" type="stmt"/>
          <line num="34" count="4" type="stmt"/>
        </file>
        <file name="Carousel.jsx" path="/Volumes/Data/Project/Aimedis/app/scripts/components/Carousel.jsx">
          <metrics statements="13" coveredstatements="13" conditionals="0" coveredconditionals="0" methods="10" coveredmethods="9"/>
          <line num="6" count="2" type="stmt"/>
          <line num="7" count="2" type="stmt"/>
          <line num="48" count="1" type="stmt"/>
          <line num="54" count="1" type="stmt"/>
          <line num="60" count="4" type="stmt"/>
          <line num="61" count="4" type="stmt"/>
          <line num="62" count="4" type="stmt"/>
          <line num="63" count="12" type="stmt"/>
          <line num="72" count="4" type="stmt"/>
          <line num="83" count="4" type="stmt"/>
          <line num="91" count="4" type="stmt"/>
          <line num="102" count="4" type="stmt"/>
          <line num="106" count="4" type="stmt"/>
        </file>
        <file name="CustomVideo.jsx" path="/Volumes/Data/Project/Aimedis/app/scripts/components/CustomVideo.jsx">
          <metrics statements="4" coveredstatements="4" conditionals="0" coveredconditionals="0" methods="1" coveredmethods="1"/>
          <line num="6" count="4" type="stmt"/>
          <line num="7" count="2" type="stmt"/>
          <line num="26" count="4" type="stmt"/>
          <line num="31" count="4" type="stmt"/>
        </file>
        <file name="Feature.jsx" path="/Volumes/Data/Project/Aimedis/app/scripts/components/Feature.jsx">
          <metrics statements="2" coveredstatements="2" conditionals="0" coveredconditionals="0" methods="1" coveredmethods="1"/>
          <line num="5" count="6" type="stmt"/>
          <line num="6" count="4" type="stmt"/>
        </file>
        <file name="Footer.jsx" path="/Volumes/Data/Project/Aimedis/app/scripts/components/Footer.jsx">
          <metrics statements="2" coveredstatements="2" conditionals="0" coveredconditionals="0" methods="1" coveredmethods="1"/>
          <line num="6" count="3" type="stmt"/>
          <line num="7" count="1" type="stmt"/>
        </file>
        <file name="GetEarlyAccess.jsx" path="/Volumes/Data/Project/Aimedis/app/scripts/components/GetEarlyAccess.jsx">
          <metrics statements="16" coveredstatements="16" conditionals="6" coveredconditionals="6" methods="3" coveredmethods="3"/>
          <line num="3" count="7" type="stmt"/>
          <line num="4" count="7" type="stmt"/>
          <line num="5" count="7" type="stmt"/>
          <line num="9" count="6" type="stmt"/>
          <line num="10" count="6" type="stmt"/>
          <line num="16" count="2" type="stmt"/>
          <line num="17" count="2" type="cond" truecount="2" falsecount="0"/>
          <line num="18" count="1" type="stmt"/>
          <line num="21" count="1" type="stmt"/>
          <line num="26" count="8" type="stmt"/>
          <line num="27" count="8" type="stmt"/>
          <line num="29" count="8" type="cond" truecount="2" falsecount="0"/>
          <line num="30" count="1" type="stmt"/>
          <line num="34" count="7" type="cond" truecount="2" falsecount="0"/>
          <line num="35" count="1" type="stmt"/>
          <line num="40" count="8" type="stmt"/>
        </file>
        <file name="GroupToggle.jsx" path="/Volumes/Data/Project/Aimedis/app/scripts/components/GroupToggle.jsx">
          <metrics statements="12" coveredstatements="12" conditionals="6" coveredconditionals="6" methods="5" coveredmethods="5"/>
          <line num="7" count="2" type="stmt"/>
          <line num="8" count="2" type="stmt"/>
          <line num="130" count="3" type="stmt"/>
          <line num="131" count="3" type="cond" truecount="2" falsecount="0"/>
          <line num="132" count="3" type="stmt"/>
          <line num="134" count="3" type="stmt"/>
          <line num="135" count="21" type="stmt"/>
          <line num="149" count="3" type="stmt"/>
          <line num="163" count="3" type="stmt"/>
          <line num="167" count="1" type="stmt"/>
          <line num="173" count="3" type="stmt"/>
          <line num="175" count="3" type="stmt"/>
        </file>
        <file name="GroupToggleItem.jsx" path="/Volumes/Data/Project/Aimedis/app/scripts/components/GroupToggleItem.jsx">
          <metrics statements="5" coveredstatements="5" conditionals="2" coveredconditionals="2" methods="1" coveredmethods="1"/>
          <line num="6" count="5" type="stmt"/>
          <line num="8" count="26" type="stmt"/>
          <line num="26" count="26" type="stmt"/>
          <line num="37" count="26" type="stmt"/>
          <line num="47" count="5" type="stmt"/>
        </file>
        <file name="Header.jsx" path="/Volumes/Data/Project/Aimedis/app/scripts/components/Header.jsx">
          <metrics statements="18" coveredstatements="18" conditionals="16" coveredconditionals="16" methods="5" coveredmethods="5"/>
          <line num="17" count="1" type="stmt"/>
          <line num="18" count="1" type="stmt"/>
          <line num="22" count="1" type="stmt"/>
          <line num="23" count="1" type="stmt"/>
          <line num="27" count="1" type="stmt"/>
          <line num="31" count="6" type="stmt"/>
          <line num="32" count="6" type="stmt"/>
          <line num="33" count="6" type="stmt"/>
          <line num="75" count="6" type="stmt"/>
          <line num="77" count="6" type="cond" truecount="2" falsecount="0"/>
          <line num="78" count="3" type="stmt"/>
          <line num="79" count="18" type="stmt"/>
          <line num="87" count="6" type="cond" truecount="2" falsecount="0"/>
          <line num="88" count="3" type="stmt"/>
          <line num="89" count="30" type="stmt"/>
          <line num="101" count="6" type="stmt"/>
          <line num="105" count="3" type="stmt"/>
          <line num="107" count="3" type="stmt"/>
        </file>
        <file name="InputBox.jsx" path="/Volumes/Data/Project/Aimedis/app/scripts/components/InputBox.jsx">
          <metrics statements="27" coveredstatements="27" conditionals="14" coveredconditionals="14" methods="3" coveredmethods="3"/>
          <line num="4" count="5" type="stmt"/>
          <line num="5" count="5" type="stmt"/>
          <line num="6" count="5" type="stmt"/>
          <line num="10" count="12" type="stmt"/>
          <line num="11" count="12" type="stmt"/>
          <line num="17" count="2" type="stmt"/>
          <line num="18" count="2" type="cond" truecount="4" falsecount="0"/>
          <line num="19" count="1" type="stmt"/>
          <line num="22" count="1" type="stmt"/>
          <line num="27" count="14" type="stmt"/>
          <line num="28" count="14" type="stmt"/>
          <line num="29" count="14" type="stmt"/>
          <line num="30" count="14" type="stmt"/>
          <line num="31" count="14" type="stmt"/>
          <line num="33" count="14" type="cond" truecount="2" falsecount="0"/>
          <line num="34" count="1" type="stmt"/>
          <line num="38" count="1" type="stmt"/>
          <line num="40" count="13" type="cond" truecount="2" falsecount="0"/>
          <line num="41" count="1" type="stmt"/>
          <line num="45" count="1" type="stmt"/>
          <line num="48" count="12" type="stmt"/>
          <line num="53" count="14" type="cond" truecount="2" falsecount="0"/>
          <line num="54" count="3" type="stmt"/>
          <line num="62" count="11" type="stmt"/>
          <line num="70" count="14" type="stmt"/>
          <line num="83" count="5" type="stmt"/>
          <line num="91" count="5" type="stmt"/>
        </file>
        <file name="InstitutionsItem.jsx" path="/Volumes/Data/Project/Aimedis/app/scripts/components/InstitutionsItem.jsx">
          <metrics statements="9" coveredstatements="9" conditionals="2" coveredconditionals="2" methods="1" coveredmethods="1"/>
          <line num="6" count="4" type="stmt"/>
          <line num="8" count="5" type="stmt"/>
          <line num="15" count="5" type="stmt"/>
          <line num="17" count="5" type="stmt"/>
          <line num="19" count="5" type="cond" truecount="2" falsecount="0"/>
          <line num="20" count="2" type="stmt"/>
          <line num="38" count="3" type="stmt"/>
          <line num="56" count="5" type="stmt"/>
          <line num="65" count="4" type="stmt"/>
        </file>
        <file name="Loader.jsx" path="/Volumes/Data/Project/Aimedis/app/scripts/components/Loader.jsx">
          <metrics statements="7" coveredstatements="7" conditionals="2" coveredconditionals="2" methods="1" coveredmethods="1"/>
          <line num="4" count="2" type="stmt"/>
          <line num="7" count="2" type="cond" truecount="2" falsecount="0"/>
          <line num="8" count="1" type="stmt"/>
          <line num="15" count="1" type="stmt"/>
          <line num="31" count="2" type="stmt"/>
          <line num="34" count="2" type="stmt"/>
          <line num="38" count="2" type="stmt"/>
        </file>
        <file name="Location.jsx" path="/Volumes/Data/Project/Aimedis/app/scripts/components/Location.jsx">
          <metrics statements="4" coveredstatements="3" conditionals="0" coveredconditionals="0" methods="1" coveredmethods="0"/>
          <line num="6" count="4" type="stmt"/>
          <line num="167" count="4" type="stmt"/>
          <line num="172" count="4" type="stmt"/>
          <line num="182" count="0" type="stmt"/>
        </file>
        <file name="Logo.jsx" path="/Volumes/Data/Project/Aimedis/app/scripts/components/Logo.jsx">
          <metrics statements="4" coveredstatements="4" conditionals="0" coveredconditionals="0" methods="1" coveredmethods="1"/>
          <line num="6" count="5" type="stmt"/>
          <line num="7" count="5" type="stmt"/>
          <line num="12" count="5" type="stmt"/>
          <line num="16" count="5" type="stmt"/>
        </file>
        <file name="Notification.jsx" path="/Volumes/Data/Project/Aimedis/app/scripts/components/Notification.jsx">
          <metrics statements="10" coveredstatements="10" conditionals="2" coveredconditionals="2" methods="3" coveredmethods="3"/>
          <line num="6" count="2" type="stmt"/>
          <line num="7" count="2" type="stmt"/>
          <line num="13" count="1" type="stmt"/>
          <line num="17" count="3" type="stmt"/>
          <line num="18" count="3" type="stmt"/>
          <line num="19" count="3" type="stmt"/>
          <line num="21" count="3" type="cond" truecount="2" falsecount="0"/>
          <line num="22" count="2" type="stmt"/>
          <line num="38" count="3" type="stmt"/>
          <line num="42" count="4" type="stmt"/>
        </file>
        <file name="OfferItem.jsx" path="/Volumes/Data/Project/Aimedis/app/scripts/components/OfferItem.jsx">
          <metrics statements="7" coveredstatements="7" conditionals="4" coveredconditionals="4" methods="1" coveredmethods="1"/>
          <line num="6" count="4" type="stmt"/>
          <line num="7" count="11" type="stmt"/>
          <line num="8" count="11" type="cond" truecount="2" falsecount="0"/>
          <line num="9" count="2" type="stmt"/>
          <line num="16" count="9" type="stmt"/>
          <line num="29" count="11" type="stmt"/>
          <line num="41" count="4" type="stmt"/>
        </file>
        <file name="Overview.jsx" path="/Volumes/Data/Project/Aimedis/app/scripts/components/Overview.jsx">
          <metrics statements="4" coveredstatements="4" conditionals="4" coveredconditionals="4" methods="1" coveredmethods="1"/>
          <line num="5" count="7" type="stmt"/>
          <line num="6" count="13" type="stmt"/>
          <line num="38" count="7" type="stmt"/>
          <line num="48" count="7" type="stmt"/>
        </file>
        <file name="OverviewList.jsx" path="/Volumes/Data/Project/Aimedis/app/scripts/components/OverviewList.jsx">
          <metrics statements="13" coveredstatements="13" conditionals="4" coveredconditionals="4" methods="5" coveredmethods="5"/>
          <line num="8" count="3" type="stmt"/>
          <line num="10" count="3" type="stmt"/>
          <line num="17" count="3" type="stmt"/>
          <line num="18" count="3" type="stmt"/>
          <line num="20" count="3" type="stmt"/>
          <line num="21" count="9" type="stmt"/>
          <line num="24" count="1" type="stmt"/>
          <line num="38" count="3" type="stmt"/>
          <line num="42" count="1" type="stmt"/>
          <line num="46" count="3" type="stmt"/>
          <line num="47" count="3" type="stmt"/>
          <line num="48" count="3" type="stmt"/>
          <line num="92" count="5" type="stmt"/>
        </file>
        <file name="ProductCarousel.jsx" path="/Volumes/Data/Project/Aimedis/app/scripts/components/ProductCarousel.jsx">
          <metrics statements="25" coveredstatements="25" conditionals="8" coveredconditionals="8" methods="10" coveredmethods="9"/>
          <line num="7" count="2" type="stmt"/>
          <line num="8" count="2" type="stmt"/>
          <line num="70" count="1" type="stmt"/>
          <line num="71" count="1" type="stmt"/>
          <line num="75" count="3" type="stmt"/>
          <line num="76" count="3" type="stmt"/>
          <line num="77" count="3" type="stmt"/>
          <line num="78" count="18" type="stmt"/>
          <line num="88" count="3" type="stmt"/>
          <line num="89" count="18" type="stmt"/>
          <line num="90" count="18" type="cond" truecount="2" falsecount="0"/>
          <line num="91" count="3" type="stmt"/>
          <line num="94" count="18" type="cond" truecount="2" falsecount="0"/>
          <line num="95" count="3" type="stmt"/>
          <line num="98" count="18" type="cond" truecount="2" falsecount="0"/>
          <line num="99" count="3" type="stmt"/>
          <line num="102" count="18" type="stmt"/>
          <line num="111" count="3" type="stmt"/>
          <line num="115" count="3" type="stmt"/>
          <line num="116" count="3" type="stmt"/>
          <line num="118" count="3" type="stmt"/>
          <line num="119" count="18" type="stmt"/>
          <line num="120" count="1" type="cond" truecount="2" falsecount="0"/>
          <line num="124" count="3" type="stmt"/>
          <line num="128" count="3" type="stmt"/>
        </file>
        <file name="ProductItem.jsx" path="/Volumes/Data/Project/Aimedis/app/scripts/components/ProductItem.jsx">
          <metrics statements="18" coveredstatements="18" conditionals="4" coveredconditionals="4" methods="5" coveredmethods="5"/>
          <line num="8" count="14" type="stmt"/>
          <line num="9" count="14" type="stmt"/>
          <line num="15" count="1" type="stmt"/>
          <line num="16" count="1" type="stmt"/>
          <line num="20" count="1" type="stmt"/>
          <line num="21" count="1" type="stmt"/>
          <line num="25" count="16" type="stmt"/>
          <line num="26" count="16" type="stmt"/>
          <line num="28" count="16" type="stmt"/>
          <line num="43" count="16" type="stmt"/>
          <line num="45" count="16" type="stmt"/>
          <line num="47" count="16" type="cond" truecount="2" falsecount="0"/>
          <line num="51" count="12" type="stmt"/>
          <line num="61" count="16" type="cond" truecount="2" falsecount="0"/>
          <line num="62" count="9" type="stmt"/>
          <line num="78" count="7" type="stmt"/>
          <line num="94" count="16" type="stmt"/>
          <line num="105" count="5" type="stmt"/>
        </file>
        <file name="StaticItem.jsx" path="/Volumes/Data/Project/Aimedis/app/scripts/components/StaticItem.jsx">
          <metrics statements="3" coveredstatements="3" conditionals="0" coveredconditionals="0" methods="1" coveredmethods="1"/>
          <line num="5" count="4" type="stmt"/>
          <line num="6" count="9" type="stmt"/>
          <line num="17" count="4" type="stmt"/>
        </file>
        <file name="Title.jsx" path="/Volumes/Data/Project/Aimedis/app/scripts/components/Title.jsx">
          <metrics statements="3" coveredstatements="3" conditionals="0" coveredconditionals="0" methods="1" coveredmethods="1"/>
          <line num="5" count="8" type="stmt"/>
          <line num="6" count="15" type="stmt"/>
          <line num="15" count="8" type="stmt"/>
        </file>
        <file name="Transition.jsx" path="/Volumes/Data/Project/Aimedis/app/scripts/components/Transition.jsx">
          <metrics statements="5" coveredstatements="5" conditionals="0" coveredconditionals="0" methods="2" coveredmethods="2"/>
          <line num="5" count="3" type="stmt"/>
          <line num="6" count="42" type="stmt"/>
          <line num="7" count="6" type="stmt"/>
          <line num="11" count="3" type="stmt"/>
          <line num="23" count="3" type="stmt"/>
        </file>
        <file name="VideoMask.jsx" path="/Volumes/Data/Project/Aimedis/app/scripts/components/VideoMask.jsx">
          <metrics statements="9" coveredstatements="9" conditionals="2" coveredconditionals="2" methods="5" coveredmethods="5"/>
          <line num="6" count="3" type="stmt"/>
          <line num="7" count="3" type="stmt"/>
          <line num="13" count="1" type="stmt"/>
          <line num="14" count="1" type="stmt"/>
          <line num="18" count="1" type="stmt"/>
          <line num="19" count="1" type="stmt"/>
          <line num="23" count="5" type="stmt"/>
          <line num="24" count="5" type="stmt"/>
          <line num="38" count="5" type="stmt"/>
        </file>
      </package>
      <package name="scripts.constants">
        <metrics statements="2" coveredstatements="2" conditionals="0" coveredconditionals="0" methods="0" coveredmethods="0"/>
        <file name="index.js" path="/Volumes/Data/Project/Aimedis/app/scripts/constants/index.js">
          <metrics statements="2" coveredstatements="2" conditionals="0" coveredconditionals="0" methods="0" coveredmethods="0"/>
          <line num="12" count="11" type="stmt"/>
          <line num="28" count="11" type="stmt"/>
        </file>
      </package>
      <package name="scripts.containers">
        <metrics statements="29" coveredstatements="23" conditionals="10" coveredconditionals="7" methods="13" coveredmethods="12"/>
        <file name="App.jsx" path="/Volumes/Data/Project/Aimedis/app/scripts/containers/App.jsx">
          <metrics statements="8" coveredstatements="2" conditionals="3" coveredconditionals="0" methods="2" coveredmethods="1"/>
          <line num="57" count="0" type="stmt"/>
          <line num="58" count="0" type="stmt"/>
          <line num="61" count="0" type="cond" truecount="0" falsecount="1"/>
          <line num="62" count="0" type="stmt"/>
          <line num="65" count="0" type="cond" truecount="0" falsecount="2"/>
          <line num="66" count="0" type="stmt"/>
          <line num="71" count="1" type="stmt"/>
          <line num="73" count="1" type="stmt"/>
        </file>
        <file name="SystemAlerts.jsx" path="/Volumes/Data/Project/Aimedis/app/scripts/containers/SystemAlerts.jsx">
          <metrics statements="21" coveredstatements="21" conditionals="7" coveredconditionals="7" methods="11" coveredmethods="11"/>
          <line num="11" count="1" type="stmt"/>
          <line num="13" count="1" type="stmt"/>
          <line num="22" count="6" type="stmt"/>
          <line num="25" count="6" type="cond" truecount="1" falsecount="0"/>
          <line num="26" count="6" type="stmt"/>
          <line num="27" count="6" type="cond" truecount="4" falsecount="0"/>
          <line num="28" count="5" type="stmt"/>
          <line num="29" count="5" type="stmt"/>
          <line num="37" count="1" type="stmt"/>
          <line num="38" count="5" type="stmt"/>
          <line num="43" count="1" type="stmt"/>
          <line num="44" count="1" type="stmt"/>
          <line num="45" count="1" type="stmt"/>
          <line num="47" count="1" type="stmt"/>
          <line num="51" count="42" type="stmt"/>
          <line num="52" count="42" type="stmt"/>
          <line num="54" count="42" type="cond" truecount="2" falsecount="0"/>
          <line num="55" count="36" type="stmt"/>
          <line num="58" count="6" type="stmt"/>
          <line num="59" count="6" type="stmt"/>
          <line num="72" count="7" type="stmt"/>
        </file>
      </package>
      <package name="scripts.modules">
        <metrics statements="38" coveredstatements="38" conditionals="25" coveredconditionals="25" methods="7" coveredmethods="7"/>
        <file name="client.js" path="/Volumes/Data/Project/Aimedis/app/scripts/modules/client.js">
          <metrics statements="30" coveredstatements="30" conditionals="24" coveredconditionals="24" methods="4" coveredmethods="4"/>
          <line num="11" count="4" type="stmt"/>
          <line num="13" count="4" type="stmt"/>
          <line num="15" count="4" type="stmt"/>
          <line num="16" count="4" type="stmt"/>
          <line num="18" count="4" type="stmt"/>
          <line num="23" count="2" type="cond" truecount="2" falsecount="0"/>
          <line num="38" count="7" type="stmt"/>
          <line num="42" count="7" type="stmt"/>
          <line num="44" count="7" type="cond" truecount="2" falsecount="0"/>
          <line num="45" count="1" type="stmt"/>
          <line num="48" count="7" type="cond" truecount="5" falsecount="0"/>
          <line num="49" count="1" type="stmt"/>
          <line num="52" count="7" type="cond" truecount="2" falsecount="0"/>
          <line num="53" count="2" type="stmt"/>
          <line num="56" count="5" type="stmt"/>
          <line num="62" count="5" type="stmt"/>
          <line num="67" count="5" type="cond" truecount="2" falsecount="0"/>
          <line num="68" count="1" type="stmt"/>
          <line num="71" count="5" type="stmt"/>
          <line num="73" count="5" type="cond" truecount="2" falsecount="0"/>
          <line num="74" count="3" type="stmt"/>
          <line num="75" count="3" type="stmt"/>
          <line num="77" count="3" type="cond" truecount="4" falsecount="0"/>
          <line num="78" count="2" type="stmt"/>
          <line num="84" count="1" type="stmt"/>
          <line num="90" count="3" type="stmt"/>
          <line num="93" count="2" type="stmt"/>
          <line num="94" count="2" type="cond" truecount="4" falsecount="0"/>
          <line num="95" count="1" type="stmt"/>
          <line num="98" count="1" type="stmt"/>
        </file>
        <file name="helpers.js" path="/Volumes/Data/Project/Aimedis/app/scripts/modules/helpers.js">
          <metrics statements="6" coveredstatements="6" conditionals="1" coveredconditionals="1" methods="3" coveredmethods="3"/>
          <line num="13" count="1" type="stmt"/>
          <line num="14" count="1" type="stmt"/>
          <line num="16" count="2" type="cond" truecount="1" falsecount="0"/>
          <line num="17" count="2" type="stmt"/>
          <line num="18" count="2" type="stmt"/>
          <line num="21" count="1" type="stmt"/>
        </file>
        <file name="history.js" path="/Volumes/Data/Project/Aimedis/app/scripts/modules/history.js">
          <metrics statements="2" coveredstatements="2" conditionals="0" coveredconditionals="0" methods="0" coveredmethods="0"/>
          <line num="5" count="3" type="stmt"/>
          <line num="7" count="3" type="stmt"/>
        </file>
      </package>
      <package name="scripts.pages">
        <metrics statements="43" coveredstatements="38" conditionals="2" coveredconditionals="2" methods="27" coveredmethods="24"/>
        <file name="About.jsx" path="/Volumes/Data/Project/Aimedis/app/scripts/pages/About.jsx">
          <metrics statements="4" coveredstatements="2" conditionals="0" coveredconditionals="0" methods="2" coveredmethods="1"/>
          <line num="11" count="1" type="stmt"/>
          <line num="12" count="0" type="stmt"/>
          <line num="13" count="0" type="stmt"/>
          <line num="16" count="1" type="stmt"/>
        </file>
        <file name="Blog.jsx" path="/Volumes/Data/Project/Aimedis/app/scripts/pages/Blog.jsx">
          <metrics statements="1" coveredstatements="1" conditionals="0" coveredconditionals="0" methods="1" coveredmethods="1"/>
          <line num="8" count="1" type="stmt"/>
        </file>
        <file name="BlogDetail.jsx" path="/Volumes/Data/Project/Aimedis/app/scripts/pages/BlogDetail.jsx">
          <metrics statements="4" coveredstatements="4" conditionals="0" coveredconditionals="0" methods="1" coveredmethods="1"/>
          <line num="8" count="3" type="stmt"/>
          <line num="9" count="1" type="stmt"/>
          <line num="185" count="3" type="stmt"/>
          <line num="189" count="3" type="stmt"/>
        </file>
        <file name="Career.jsx" path="/Volumes/Data/Project/Aimedis/app/scripts/pages/Career.jsx">
          <metrics statements="1" coveredstatements="1" conditionals="0" coveredconditionals="0" methods="1" coveredmethods="1"/>
          <line num="7" count="1" type="stmt"/>
        </file>
        <file name="CareerDetail.jsx" path="/Volumes/Data/Project/Aimedis/app/scripts/pages/CareerDetail.jsx">
          <metrics statements="4" coveredstatements="4" conditionals="0" coveredconditionals="0" methods="1" coveredmethods="1"/>
          <line num="5" count="3" type="stmt"/>
          <line num="6" count="1" type="stmt"/>
          <line num="107" count="3" type="stmt"/>
          <line num="111" count="3" type="stmt"/>
        </file>
        <file name="Home.jsx" path="/Volumes/Data/Project/Aimedis/app/scripts/pages/Home.jsx">
          <metrics statements="2" coveredstatements="2" conditionals="0" coveredconditionals="0" methods="1" coveredmethods="1"/>
          <line num="18" count="1" type="stmt"/>
          <line num="55" count="1" type="stmt"/>
        </file>
        <file name="Institutions.jsx" path="/Volumes/Data/Project/Aimedis/app/scripts/pages/Institutions.jsx">
          <metrics statements="10" coveredstatements="10" conditionals="0" coveredconditionals="0" methods="9" coveredmethods="9"/>
          <line num="10" count="1" type="stmt"/>
          <line num="11" count="1" type="stmt"/>
          <line num="15" count="3" type="stmt"/>
          <line num="19" count="1" type="stmt"/>
          <line num="30" count="1" type="stmt"/>
          <line num="38" count="1" type="stmt"/>
          <line num="46" count="1" type="stmt"/>
          <line num="65" count="1" type="stmt"/>
          <line num="73" count="1" type="stmt"/>
          <line num="81" count="1" type="stmt"/>
        </file>
        <file name="Investor.jsx" path="/Volumes/Data/Project/Aimedis/app/scripts/pages/Investor.jsx">
          <metrics statements="1" coveredstatements="1" conditionals="0" coveredconditionals="0" methods="1" coveredmethods="1"/>
          <line num="6" count="1" type="stmt"/>
        </file>
        <file name="NotFound.jsx" path="/Volumes/Data/Project/Aimedis/app/scripts/pages/NotFound.jsx">
          <metrics statements="2" coveredstatements="2" conditionals="0" coveredconditionals="0" methods="1" coveredmethods="1"/>
          <line num="5" count="3" type="stmt"/>
          <line num="6" count="1" type="stmt"/>
        </file>
        <file name="Policy.jsx" path="/Volumes/Data/Project/Aimedis/app/scripts/pages/Policy.jsx">
          <metrics statements="1" coveredstatements="1" conditionals="0" coveredconditionals="0" methods="1" coveredmethods="1"/>
          <line num="6" count="1" type="stmt"/>
        </file>
        <file name="Product.jsx" path="/Volumes/Data/Project/Aimedis/app/scripts/pages/Product.jsx">
          <metrics statements="1" coveredstatements="1" conditionals="0" coveredconditionals="0" methods="1" coveredmethods="1"/>
          <line num="10" count="1" type="stmt"/>
        </file>
        <file name="Profile.jsx" path="/Volumes/Data/Project/Aimedis/app/scripts/pages/Profile.jsx">
          <metrics statements="1" coveredstatements="1" conditionals="0" coveredconditionals="0" methods="1" coveredmethods="1"/>
          <line num="6" count="1" type="stmt"/>
        </file>
        <file name="Support.jsx" path="/Volumes/Data/Project/Aimedis/app/scripts/pages/Support.jsx">
          <metrics statements="10" coveredstatements="7" conditionals="2" coveredconditionals="2" methods="5" coveredmethods="3"/>
          <line num="7" count="1" type="stmt"/>
          <line num="8" count="1" type="stmt"/>
          <line num="14" count="1" type="stmt"/>
          <line num="15" count="1" type="stmt"/>
          <line num="16" count="0" type="stmt"/>
          <line num="21" count="2" type="stmt"/>
          <line num="22" count="0" type="stmt"/>
          <line num="23" count="0" type="stmt"/>
          <line num="26" count="2" type="stmt"/>
          <line num="28" count="2" type="stmt"/>
        </file>
        <file name="Terms.jsx" path="/Volumes/Data/Project/Aimedis/app/scripts/pages/Terms.jsx">
          <metrics statements="1" coveredstatements="1" conditionals="0" coveredconditionals="0" methods="1" coveredmethods="1"/>
          <line num="6" count="1" type="stmt"/>
        </file>
      </package>
      <package name="scripts.reducers">
        <metrics statements="10" coveredstatements="10" conditionals="0" coveredconditionals="0" methods="8" coveredmethods="8"/>
        <file name="app.js" path="/Volumes/Data/Project/Aimedis/app/scripts/reducers/app.js">
          <metrics statements="5" coveredstatements="5" conditionals="0" coveredconditionals="0" methods="4" coveredmethods="4"/>
          <line num="7" count="3" type="stmt"/>
          <line num="13" count="2" type="stmt"/>
          <line num="17" count="1" type="stmt"/>
          <line num="19" count="1" type="stmt"/>
          <line num="23" count="1" type="stmt"/>
        </file>
        <file name="index.js" path="/Volumes/Data/Project/Aimedis/app/scripts/reducers/index.js">
          <metrics statements="0" coveredstatements="0" conditionals="0" coveredconditionals="0" methods="0" coveredmethods="0"/>
        </file>
        <file name="user.js" path="/Volumes/Data/Project/Aimedis/app/scripts/reducers/user.js">
          <metrics statements="5" coveredstatements="5" conditionals="0" coveredconditionals="0" methods="4" coveredmethods="4"/>
          <line num="6" count="3" type="stmt"/>
          <line num="13" count="1" type="stmt"/>
          <line num="16" count="1" type="stmt"/>
          <line num="20" count="1" type="stmt"/>
          <line num="23" count="1" type="stmt"/>
        </file>
      </package>
      <package name="scripts.routes">
        <metrics statements="65" coveredstatements="65" conditionals="2" coveredconditionals="2" methods="26" coveredmethods="26"/>
        <file name="AboutRoute.jsx" path="/Volumes/Data/Project/Aimedis/app/scripts/routes/AboutRoute.jsx">
          <metrics statements="5" coveredstatements="5" conditionals="0" coveredconditionals="0" methods="2" coveredmethods="2"/>
          <line num="5" count="3" type="stmt"/>
          <line num="6" count="2" type="stmt"/>
          <line num="9" count="2" type="stmt"/>
          <line num="14" count="3" type="stmt"/>
          <line num="19" count="3" type="stmt"/>
        </file>
        <file name="BlogDetailRoute.jsx" path="/Volumes/Data/Project/Aimedis/app/scripts/routes/BlogDetailRoute.jsx">
          <metrics statements="5" coveredstatements="5" conditionals="0" coveredconditionals="0" methods="2" coveredmethods="2"/>
          <line num="5" count="3" type="stmt"/>
          <line num="6" count="2" type="stmt"/>
          <line num="9" count="2" type="stmt"/>
          <line num="14" count="3" type="stmt"/>
          <line num="19" count="3" type="stmt"/>
        </file>
        <file name="BlogRoute.jsx" path="/Volumes/Data/Project/Aimedis/app/scripts/routes/BlogRoute.jsx">
          <metrics statements="5" coveredstatements="5" conditionals="0" coveredconditionals="0" methods="2" coveredmethods="2"/>
          <line num="5" count="3" type="stmt"/>
          <line num="6" count="2" type="stmt"/>
          <line num="9" count="2" type="stmt"/>
          <line num="14" count="3" type="stmt"/>
          <line num="19" count="3" type="stmt"/>
        </file>
        <file name="CareerDetailRoute.jsx" path="/Volumes/Data/Project/Aimedis/app/scripts/routes/CareerDetailRoute.jsx">
          <metrics statements="5" coveredstatements="5" conditionals="0" coveredconditionals="0" methods="2" coveredmethods="2"/>
          <line num="5" count="3" type="stmt"/>
          <line num="6" count="2" type="stmt"/>
          <line num="9" count="2" type="stmt"/>
          <line num="14" count="3" type="stmt"/>
          <line num="19" count="3" type="stmt"/>
        </file>
        <file name="CareerRoute.jsx" path="/Volumes/Data/Project/Aimedis/app/scripts/routes/CareerRoute.jsx">
          <metrics statements="5" coveredstatements="5" conditionals="0" coveredconditionals="0" methods="2" coveredmethods="2"/>
          <line num="5" count="3" type="stmt"/>
          <line num="6" count="2" type="stmt"/>
          <line num="9" count="2" type="stmt"/>
          <line num="14" count="3" type="stmt"/>
          <line num="19" count="3" type="stmt"/>
        </file>
        <file name="HomeRoute.jsx" path="/Volumes/Data/Project/Aimedis/app/scripts/routes/HomeRoute.jsx">
          <metrics statements="5" coveredstatements="5" conditionals="0" coveredconditionals="0" methods="2" coveredmethods="2"/>
          <line num="5" count="3" type="stmt"/>
          <line num="6" count="2" type="stmt"/>
          <line num="9" count="2" type="stmt"/>
          <line num="14" count="3" type="stmt"/>
          <line num="20" count="3" type="stmt"/>
        </file>
        <file name="InstitutionsRoute.jsx" path="/Volumes/Data/Project/Aimedis/app/scripts/routes/InstitutionsRoute.jsx">
          <metrics statements="5" coveredstatements="5" conditionals="0" coveredconditionals="0" methods="2" coveredmethods="2"/>
          <line num="5" count="3" type="stmt"/>
          <line num="6" count="2" type="stmt"/>
          <line num="9" count="2" type="stmt"/>
          <line num="14" count="3" type="stmt"/>
          <line num="19" count="3" type="stmt"/>
        </file>
        <file name="InvestorRoute.jsx" path="/Volumes/Data/Project/Aimedis/app/scripts/routes/InvestorRoute.jsx">
          <metrics statements="5" coveredstatements="5" conditionals="0" coveredconditionals="0" methods="2" coveredmethods="2"/>
          <line num="5" count="3" type="stmt"/>
          <line num="6" count="2" type="stmt"/>
          <line num="9" count="2" type="stmt"/>
          <line num="14" count="3" type="stmt"/>
          <line num="20" count="3" type="stmt"/>
        </file>
        <file name="PolicyRoute.jsx" path="/Volumes/Data/Project/Aimedis/app/scripts/routes/PolicyRoute.jsx">
          <metrics statements="5" coveredstatements="5" conditionals="0" coveredconditionals="0" methods="2" coveredmethods="2"/>
          <line num="5" count="3" type="stmt"/>
          <line num="6" count="2" type="stmt"/>
          <line num="9" count="2" type="stmt"/>
          <line num="14" count="3" type="stmt"/>
          <line num="20" count="3" type="stmt"/>
        </file>
        <file name="ProductRoute.jsx" path="/Volumes/Data/Project/Aimedis/app/scripts/routes/ProductRoute.jsx">
          <metrics statements="5" coveredstatements="5" conditionals="0" coveredconditionals="0" methods="2" coveredmethods="2"/>
          <line num="5" count="3" type="stmt"/>
          <line num="6" count="2" type="stmt"/>
          <line num="9" count="2" type="stmt"/>
          <line num="14" count="3" type="stmt"/>
          <line num="19" count="3" type="stmt"/>
        </file>
        <file name="ProfileRoute.jsx" path="/Volumes/Data/Project/Aimedis/app/scripts/routes/ProfileRoute.jsx">
          <metrics statements="5" coveredstatements="5" conditionals="2" coveredconditionals="2" methods="2" coveredmethods="2"/>
          <line num="5" count="3" type="stmt"/>
          <line num="6" count="2" type="stmt"/>
          <line num="9" count="2" type="cond" truecount="2" falsecount="0"/>
          <line num="23" count="3" type="stmt"/>
          <line num="30" count="3" type="stmt"/>
        </file>
        <file name="SupportRoute.jsx" path="/Volumes/Data/Project/Aimedis/app/scripts/routes/SupportRoute.jsx">
          <metrics statements="5" coveredstatements="5" conditionals="0" coveredconditionals="0" methods="2" coveredmethods="2"/>
          <line num="5" count="3" type="stmt"/>
          <line num="6" count="2" type="stmt"/>
          <line num="9" count="2" type="stmt"/>
          <line num="14" count="3" type="stmt"/>
          <line num="19" count="3" type="stmt"/>
        </file>
        <file name="TermsRoute.jsx" path="/Volumes/Data/Project/Aimedis/app/scripts/routes/TermsRoute.jsx">
          <metrics statements="5" coveredstatements="5" conditionals="0" coveredconditionals="0" methods="2" coveredmethods="2"/>
          <line num="5" count="3" type="stmt"/>
          <line num="6" count="2" type="stmt"/>
          <line num="9" count="2" type="stmt"/>
          <line num="14" count="3" type="stmt"/>
          <line num="20" count="3" type="stmt"/>
        </file>
      </package>
      <package name="scripts.sagas">
        <metrics statements="8" coveredstatements="8" conditionals="0" coveredconditionals="0" methods="4" coveredmethods="4"/>
        <file name="index.js" path="/Volumes/Data/Project/Aimedis/app/scripts/sagas/index.js">
          <metrics statements="1" coveredstatements="1" conditionals="0" coveredconditionals="0" methods="1" coveredmethods="1"/>
          <line num="9" count="2" type="stmt"/>
        </file>
        <file name="user.js" path="/Volumes/Data/Project/Aimedis/app/scripts/sagas/user.js">
          <metrics statements="7" coveredstatements="7" conditionals="0" coveredconditionals="0" methods="3" coveredmethods="3"/>
          <line num="15" count="1" type="stmt"/>
          <line num="16" count="1" type="stmt"/>
          <line num="18" count="1" type="stmt"/>
          <line num="35" count="1" type="stmt"/>
          <line num="36" count="1" type="stmt"/>
          <line num="38" count="1" type="stmt"/>
          <line num="55" count="3" type="stmt"/>
        </file>
      </package>
      <package name="scripts.store">
        <metrics statements="6" coveredstatements="6" conditionals="2" coveredconditionals="2" methods="0" coveredmethods="0"/>
        <file name="index.js" path="/Volumes/Data/Project/Aimedis/app/scripts/store/index.js">
          <metrics statements="4" coveredstatements="4" conditionals="2" coveredconditionals="2" methods="0" coveredmethods="0"/>
          <line num="12" count="2" type="stmt"/>
          <line num="21" count="2" type="cond" truecount="2" falsecount="0"/>
          <line num="47" count="2" type="stmt"/>
          <line num="49" count="2" type="stmt"/>
        </file>
        <file name="middleware.js" path="/Volumes/Data/Project/Aimedis/app/scripts/store/middleware.js">
          <metrics statements="2" coveredstatements="2" conditionals="0" coveredconditionals="0" methods="0" coveredmethods="0"/>
          <line num="5" count="2" type="stmt"/>
          <line num="7" count="2" type="stmt"/>
        </file>
      </package>
    </metrics>
  </project>
</coverage>
