TN:
SF:/Volumes/Data/Project/Aimedis/app/scripts/config.js
FNF:0
FNH:0
DA:8,6
LF:1
LH:1
BRF:0
BRH:0
end_of_record
TN:
SF:/Volumes/Data/Project/Aimedis/app/scripts/index.jsx
FNF:0
FNH:0
DA:22,1
DA:28,2
DA:29,1
DA:30,1
DA:33,1
DA:66,1
DA:90,1
DA:106,1
DA:109,1
DA:130,1
LF:10
LH:10
BRDA:28,0,0,1
BRF:1
BRH:1
end_of_record
TN:
SF:/Volumes/Data/Project/Aimedis/app/scripts/actions/app.js
FN:18,(anonymous_0)
FN:19,(anonymous_1)
FNF:2
FNH:2
FNDA:8,(anonymous_0)
FNDA:3,(anonymous_1)
DA:17,6
DA:18,8
DA:20,3
DA:22,3
LF:4
LH:4
BRDA:20,0,0,1
BRDA:20,0,1,2
BRDA:23,1,0,3
BRDA:23,1,1,0
BRDA:26,2,0,3
BRDA:26,2,1,3
BRDA:28,3,0,1
BRDA:28,3,1,2
BRF:8
BRH:7
end_of_record
TN:
SF:/Volumes/Data/Project/Aimedis/app/scripts/actions/index.js
FNF:0
FNH:0
LF:0
LH:0
BRF:0
BRH:0
end_of_record
TN:
SF:/Volumes/Data/Project/Aimedis/app/scripts/actions/user.js
FN:14,(anonymous_0)
FN:15,(anonymous_1)
FNF:2
FNH:2
FNDA:2,(anonymous_0)
FNDA:2,(anonymous_1)
DA:13,5
DA:14,2
DA:15,2
LF:3
LH:3
BRF:0
BRH:0
end_of_record
TN:
SF:/Volumes/Data/Project/Aimedis/app/scripts/components/Alert.jsx
FN:4,(anonymous_0)
FNF:1
FNH:1
FNDA:39,(anonymous_0)
DA:4,4
DA:5,39
DA:6,39
DA:8,39
DA:10,1
DA:11,1
DA:14,1
DA:15,1
DA:18,1
DA:19,1
DA:22,1
DA:23,1
DA:26,1
DA:27,1
DA:30,34
DA:34,39
DA:35,33
DA:47,39
DA:58,4
LF:19
LH:19
BRDA:6,0,0,5
BRDA:6,0,1,34
BRDA:8,1,0,1
BRDA:8,1,1,1
BRDA:8,1,2,1
BRDA:8,1,3,1
BRDA:8,1,4,1
BRDA:8,1,5,34
BRDA:10,2,0,1
BRDA:10,2,1,1
BRDA:14,3,0,1
BRDA:14,3,1,1
BRDA:18,4,0,1
BRDA:18,4,1,1
BRDA:22,5,0,1
BRDA:22,5,1,1
BRDA:26,6,0,1
BRDA:26,6,1,1
BRDA:30,7,0,34
BRDA:30,7,1,34
BRDA:34,8,0,33
BRDA:34,8,1,6
BRF:22
BRH:22
end_of_record
TN:
SF:/Volumes/Data/Project/Aimedis/app/scripts/components/Avatar.jsx
FN:5,(anonymous_0)
FNF:1
FNH:1
FNDA:7,(anonymous_0)
DA:5,4
DA:6,7
DA:13,4
DA:17,4
LF:4
LH:4
BRF:0
BRH:0
end_of_record
TN:
SF:/Volumes/Data/Project/Aimedis/app/scripts/components/BlogItem.jsx
FN:6,(anonymous_0)
FNF:1
FNH:1
FNDA:243,(anonymous_0)
DA:6,7
DA:7,243
DA:22,7
LF:3
LH:3
BRF:0
BRH:0
end_of_record
TN:
SF:/Volumes/Data/Project/Aimedis/app/scripts/components/BlogList.jsx
FN:7,(anonymous_0)
FN:26,(anonymous_1)
FN:30,(anonymous_2)
FN:31,(anonymous_3)
FN:34,(anonymous_4)
FN:40,(anonymous_5)
FN:65,(anonymous_6)
FN:65,(anonymous_7)
FN:67,(anonymous_8)
FN:111,(anonymous_9)
FNF:10
FNH:10
FNDA:4,(anonymous_0)
FNDA:1,(anonymous_1)
FNDA:13,(anonymous_2)
FNDA:13,(anonymous_3)
FNDA:13,(anonymous_4)
FNDA:28,(anonymous_5)
FNDA:151,(anonymous_6)
FNDA:1,(anonymous_7)
FNDA:28,(anonymous_8)
FNDA:28,(anonymous_9)
DA:8,4
DA:9,4
DA:10,4
DA:11,221
DA:19,4
DA:27,1
DA:31,13
DA:35,13
DA:36,13
DA:37,13
DA:41,28
DA:42,28
DA:43,28
DA:44,28
DA:46,28
DA:47,236
DA:53,236
DA:62,28
DA:65,151
DA:68,28
DA:69,28
DA:70,28
DA:71,28
DA:72,1
DA:75,27
DA:76,27
DA:78,27
DA:79,27
DA:81,27
DA:82,1
DA:83,1
DA:86,26
DA:87,11
DA:88,44
DA:90,11
DA:92,15
DA:93,7
DA:94,7
DA:95,28
DA:99,8
DA:100,8
DA:101,8
DA:102,8
DA:103,8
DA:106,27
DA:107,27
DA:108,27
DA:112,28
DA:129,4
DA:133,4
LF:50
LH:50
BRDA:31,0,0,1
BRDA:31,0,1,12
BRDA:37,1,0,1
BRDA:37,1,1,12
BRDA:44,2,0,2
BRDA:44,2,1,26
BRDA:65,3,0,27
BRDA:65,3,1,124
BRDA:71,4,0,1
BRDA:71,4,1,27
BRDA:81,5,0,1
BRDA:81,5,1,26
BRDA:86,6,0,11
BRDA:86,6,1,15
BRDA:92,7,0,7
BRDA:92,7,1,8
BRF:16
BRH:16
end_of_record
TN:
SF:/Volumes/Data/Project/Aimedis/app/scripts/components/CareerItem.jsx
FN:6,(anonymous_0)
FNF:1
FNH:1
FNDA:6,(anonymous_0)
DA:6,4
DA:7,6
DA:34,4
LF:3
LH:3
BRF:0
BRH:0
end_of_record
TN:
SF:/Volumes/Data/Project/Aimedis/app/scripts/components/Carousel.jsx
FN:5,(anonymous_0)
FN:36,(anonymous_1)
FN:43,(anonymous_2)
FN:47,(anonymous_3)
FN:48,(anonymous_4)
FN:53,(anonymous_5)
FN:54,(anonymous_6)
FN:59,(anonymous_7)
FN:62,(anonymous_8)
FN:106,(anonymous_9)
FNF:10
FNH:9
FNDA:2,(anonymous_0)
FNDA:1,(anonymous_1)
FNDA:0,(anonymous_2)
FNDA:1,(anonymous_3)
FNDA:1,(anonymous_4)
FNDA:1,(anonymous_5)
FNDA:1,(anonymous_6)
FNDA:4,(anonymous_7)
FNDA:12,(anonymous_8)
FNDA:4,(anonymous_9)
DA:6,2
DA:7,2
DA:48,1
DA:54,1
DA:60,4
DA:61,4
DA:62,4
DA:63,12
DA:73,4
DA:84,4
DA:92,4
DA:103,4
DA:107,4
LF:13
LH:13
BRF:0
BRH:0
end_of_record
TN:
SF:/Volumes/Data/Project/Aimedis/app/scripts/components/CustomVideo.jsx
FN:6,(anonymous_0)
FNF:1
FNH:1
FNDA:2,(anonymous_0)
DA:6,4
DA:7,2
DA:26,4
DA:31,4
LF:4
LH:4
BRF:0
BRH:0
end_of_record
TN:
SF:/Volumes/Data/Project/Aimedis/app/scripts/components/Feature.jsx
FN:5,(anonymous_0)
FNF:1
FNH:1
FNDA:4,(anonymous_0)
DA:5,6
DA:6,4
LF:2
LH:2
BRF:0
BRH:0
end_of_record
TN:
SF:/Volumes/Data/Project/Aimedis/app/scripts/components/Footer.jsx
FN:6,(anonymous_0)
FNF:1
FNH:1
FNDA:1,(anonymous_0)
DA:6,3
DA:7,1
LF:2
LH:2
BRF:0
BRH:0
end_of_record
TN:
SF:/Volumes/Data/Project/Aimedis/app/scripts/components/GetEarlyAccess.jsx
FN:8,(anonymous_0)
FN:15,(anonymous_1)
FN:25,(anonymous_2)
FNF:3
FNH:3
FNDA:6,(anonymous_0)
FNDA:2,(anonymous_1)
FNDA:8,(anonymous_2)
DA:3,7
DA:4,7
DA:5,7
DA:9,6
DA:10,6
DA:16,2
DA:17,2
DA:18,1
DA:21,1
DA:26,8
DA:27,8
DA:29,8
DA:30,1
DA:34,7
DA:35,1
DA:40,8
LF:16
LH:16
BRDA:17,0,0,1
BRDA:17,0,1,1
BRDA:29,1,0,1
BRDA:29,1,1,7
BRDA:34,2,0,1
BRDA:34,2,1,6
BRF:6
BRH:6
end_of_record
TN:
SF:/Volumes/Data/Project/Aimedis/app/scripts/components/GroupToggle.jsx
FN:6,(anonymous_0)
FN:129,(anonymous_1)
FN:166,(anonymous_2)
FN:167,(anonymous_3)
FN:172,(anonymous_4)
FNF:5
FNH:5
FNDA:2,(anonymous_0)
FNDA:3,(anonymous_1)
FNDA:1,(anonymous_2)
FNDA:1,(anonymous_3)
FNDA:3,(anonymous_4)
DA:7,2
DA:8,2
DA:130,3
DA:131,3
DA:132,3
DA:134,3
DA:135,21
DA:149,3
DA:163,3
DA:167,1
DA:173,3
DA:175,3
LF:12
LH:12
BRDA:131,0,0,2
BRDA:131,0,1,1
BRDA:179,1,0,2
BRDA:179,1,1,1
BRDA:182,2,0,1
BRDA:182,2,1,2
BRF:6
BRH:6
end_of_record
TN:
SF:/Volumes/Data/Project/Aimedis/app/scripts/components/GroupToggleItem.jsx
FN:6,(anonymous_0)
FNF:1
FNH:1
FNDA:26,(anonymous_0)
DA:6,5
DA:8,26
DA:26,26
DA:37,26
DA:47,5
LF:5
LH:5
BRDA:40,0,0,4
BRDA:40,0,1,22
BRF:2
BRH:2
end_of_record
TN:
SF:/Volumes/Data/Project/Aimedis/app/scripts/components/Header.jsx
FN:16,(anonymous_0)
FN:21,(anonymous_1)
FN:26,(anonymous_2)
FN:30,(anonymous_3)
FN:104,(anonymous_4)
FNF:5
FNH:5
FNDA:1,(anonymous_0)
FNDA:1,(anonymous_1)
FNDA:1,(anonymous_2)
FNDA:6,(anonymous_3)
FNDA:3,(anonymous_4)
DA:17,1
DA:18,1
DA:22,1
DA:23,1
DA:27,1
DA:31,6
DA:32,6
DA:33,6
DA:75,6
DA:77,6
DA:78,3
DA:79,18
DA:87,6
DA:88,3
DA:89,30
DA:101,6
DA:105,3
DA:107,3
LF:18
LH:18
BRDA:77,0,0,3
BRDA:77,0,1,3
BRDA:80,1,0,3
BRDA:80,1,1,15
BRDA:87,2,0,3
BRDA:87,2,1,3
BRDA:90,3,0,30
BRDA:90,3,1,3
BRDA:93,4,0,30
BRDA:93,4,1,3
BRDA:94,5,0,30
BRDA:94,5,1,3
BRDA:126,6,0,3
BRDA:126,6,1,1
BRDA:127,7,0,3
BRDA:127,7,1,2
BRF:16
BRH:16
end_of_record
TN:
SF:/Volumes/Data/Project/Aimedis/app/scripts/components/InputBox.jsx
FN:9,(anonymous_0)
FN:16,(anonymous_1)
FN:26,(anonymous_2)
FNF:3
FNH:3
FNDA:12,(anonymous_0)
FNDA:2,(anonymous_1)
FNDA:14,(anonymous_2)
DA:4,5
DA:5,5
DA:6,5
DA:10,12
DA:11,12
DA:17,2
DA:18,2
DA:19,1
DA:22,1
DA:27,14
DA:28,14
DA:29,14
DA:30,14
DA:31,14
DA:33,14
DA:34,1
DA:38,1
DA:40,13
DA:41,1
DA:45,1
DA:48,12
DA:53,14
DA:54,3
DA:62,11
DA:70,14
DA:83,5
DA:91,5
LF:27
LH:27
BRDA:18,0,0,1
BRDA:18,0,1,1
BRDA:18,1,0,2
BRDA:18,1,1,1
BRDA:33,2,0,1
BRDA:33,2,1,13
BRDA:40,3,0,1
BRDA:40,3,1,12
BRDA:53,4,0,3
BRDA:53,4,1,11
BRDA:76,5,0,14
BRDA:76,5,1,2
BRDA:77,6,0,14
BRDA:77,6,1,1
BRF:14
BRH:14
end_of_record
TN:
SF:/Volumes/Data/Project/Aimedis/app/scripts/components/InstitutionsItem.jsx
FN:6,(anonymous_0)
FNF:1
FNH:1
FNDA:5,(anonymous_0)
DA:6,4
DA:8,5
DA:15,5
DA:17,5
DA:19,5
DA:20,2
DA:38,3
DA:56,5
DA:65,4
LF:9
LH:9
BRDA:19,0,0,2
BRDA:19,0,1,3
BRF:2
BRH:2
end_of_record
TN:
SF:/Volumes/Data/Project/Aimedis/app/scripts/components/Loader.jsx
FN:4,(anonymous_0)
FNF:1
FNH:1
FNDA:2,(anonymous_0)
DA:4,2
DA:7,2
DA:8,1
DA:15,1
DA:31,2
DA:34,2
DA:38,2
LF:7
LH:7
BRDA:7,0,0,1
BRDA:7,0,1,1
BRF:2
BRH:2
end_of_record
TN:
SF:/Volumes/Data/Project/Aimedis/app/scripts/components/Location.jsx
FN:181,(anonymous_0)
FNF:1
FNH:0
FNDA:0,(anonymous_0)
DA:6,4
DA:167,4
DA:172,4
DA:182,0
LF:4
LH:3
BRF:0
BRH:0
end_of_record
TN:
SF:/Volumes/Data/Project/Aimedis/app/scripts/components/Logo.jsx
FN:6,(anonymous_0)
FNF:1
FNH:1
FNDA:5,(anonymous_0)
DA:6,5
DA:7,5
DA:12,5
DA:16,5
LF:4
LH:4
BRF:0
BRH:0
end_of_record
TN:
SF:/Volumes/Data/Project/Aimedis/app/scripts/components/Notification.jsx
FN:5,(anonymous_0)
FN:12,(anonymous_1)
FN:16,(anonymous_2)
FNF:3
FNH:3
FNDA:2,(anonymous_0)
FNDA:1,(anonymous_1)
FNDA:3,(anonymous_2)
DA:6,2
DA:7,2
DA:13,1
DA:17,3
DA:18,3
DA:19,3
DA:21,3
DA:22,2
DA:38,3
DA:42,4
LF:10
LH:10
BRDA:21,0,0,2
BRDA:21,0,1,1
BRF:2
BRH:2
end_of_record
TN:
SF:/Volumes/Data/Project/Aimedis/app/scripts/components/OfferItem.jsx
FN:6,(anonymous_0)
FNF:1
FNH:1
FNDA:11,(anonymous_0)
DA:6,4
DA:7,11
DA:8,11
DA:9,2
DA:16,9
DA:29,11
DA:41,4
LF:7
LH:7
BRDA:8,0,0,2
BRDA:8,0,1,9
BRDA:30,1,0,2
BRDA:30,1,1,9
BRF:4
BRH:4
end_of_record
TN:
SF:/Volumes/Data/Project/Aimedis/app/scripts/components/Overview.jsx
FN:5,(anonymous_0)
FNF:1
FNH:1
FNDA:13,(anonymous_0)
DA:5,7
DA:6,13
DA:38,7
DA:48,7
LF:4
LH:4
BRDA:7,0,0,4
BRDA:7,0,1,9
BRDA:27,1,0,13
BRDA:27,1,1,4
BRF:4
BRH:4
end_of_record
TN:
SF:/Volumes/Data/Project/Aimedis/app/scripts/components/OverviewList.jsx
FN:7,(anonymous_0)
FN:16,(anonymous_1)
FN:24,(anonymous_2)
FN:41,(anonymous_3)
FN:45,(anonymous_4)
FNF:5
FNH:5
FNDA:3,(anonymous_0)
FNDA:3,(anonymous_1)
FNDA:1,(anonymous_2)
FNDA:1,(anonymous_3)
FNDA:3,(anonymous_4)
DA:8,3
DA:10,3
DA:17,3
DA:18,3
DA:20,3
DA:21,9
DA:24,1
DA:38,3
DA:42,1
DA:46,3
DA:47,3
DA:48,3
DA:92,5
LF:13
LH:13
BRDA:53,0,0,3
BRDA:53,0,1,1
BRDA:55,1,0,3
BRDA:55,1,1,1
BRF:4
BRH:4
end_of_record
TN:
SF:/Volumes/Data/Project/Aimedis/app/scripts/components/ProductCarousel.jsx
FN:6,(anonymous_0)
FN:58,(anonymous_1)
FN:65,(anonymous_2)
FN:69,(anonymous_3)
FN:71,(anonymous_4)
FN:74,(anonymous_5)
FN:77,(anonymous_6)
FN:114,(anonymous_7)
FN:120,(anonymous_8)
FN:127,(anonymous_9)
FNF:10
FNH:9
FNDA:2,(anonymous_0)
FNDA:1,(anonymous_1)
FNDA:0,(anonymous_2)
FNDA:1,(anonymous_3)
FNDA:1,(anonymous_4)
FNDA:3,(anonymous_5)
FNDA:18,(anonymous_6)
FNDA:3,(anonymous_7)
FNDA:1,(anonymous_8)
FNDA:3,(anonymous_9)
DA:7,2
DA:8,2
DA:70,1
DA:71,1
DA:75,3
DA:76,3
DA:77,3
DA:78,18
DA:88,3
DA:89,18
DA:90,18
DA:91,3
DA:94,18
DA:95,3
DA:98,18
DA:99,3
DA:102,18
DA:111,3
DA:115,3
DA:116,3
DA:118,3
DA:119,18
DA:120,1
DA:124,3
DA:128,3
LF:25
LH:25
BRDA:90,0,0,3
BRDA:90,0,1,15
BRDA:94,1,0,3
BRDA:94,1,1,15
BRDA:98,2,0,3
BRDA:98,2,1,15
BRDA:120,3,0,3
BRDA:120,3,1,15
BRF:8
BRH:8
end_of_record
TN:
SF:/Volumes/Data/Project/Aimedis/app/scripts/components/ProductItem.jsx
FN:7,(anonymous_0)
FN:14,(anonymous_1)
FN:19,(anonymous_2)
FN:24,(anonymous_3)
FN:51,(anonymous_4)
FNF:5
FNH:5
FNDA:14,(anonymous_0)
FNDA:1,(anonymous_1)
FNDA:1,(anonymous_2)
FNDA:16,(anonymous_3)
FNDA:12,(anonymous_4)
DA:8,14
DA:9,14
DA:15,1
DA:16,1
DA:20,1
DA:21,1
DA:25,16
DA:26,16
DA:28,16
DA:43,16
DA:45,16
DA:47,16
DA:51,12
DA:61,16
DA:62,9
DA:78,7
DA:94,16
DA:105,5
LF:18
LH:18
BRDA:47,0,0,15
BRDA:47,0,1,1
BRDA:61,1,0,9
BRDA:61,1,1,7
BRF:4
BRH:4
end_of_record
TN:
SF:/Volumes/Data/Project/Aimedis/app/scripts/components/StaticItem.jsx
FN:5,(anonymous_0)
FNF:1
FNH:1
FNDA:9,(anonymous_0)
DA:5,4
DA:6,9
DA:17,4
LF:3
LH:3
BRF:0
BRH:0
end_of_record
TN:
SF:/Volumes/Data/Project/Aimedis/app/scripts/components/Title.jsx
FN:5,(anonymous_0)
FNF:1
FNH:1
FNDA:15,(anonymous_0)
DA:5,8
DA:6,15
DA:15,8
LF:3
LH:3
BRF:0
BRH:0
end_of_record
TN:
SF:/Volumes/Data/Project/Aimedis/app/scripts/components/Transition.jsx
FN:5,(anonymous_0)
FN:7,(anonymous_1)
FNF:2
FNH:2
FNDA:42,(anonymous_0)
FNDA:6,(anonymous_1)
DA:5,3
DA:6,42
DA:7,6
DA:11,3
DA:23,3
LF:5
LH:5
BRF:0
BRH:0
end_of_record
TN:
SF:/Volumes/Data/Project/Aimedis/app/scripts/components/VideoMask.jsx
FN:5,(anonymous_0)
FN:12,(anonymous_1)
FN:17,(anonymous_2)
FN:22,(anonymous_3)
FN:38,(anonymous_4)
FNF:5
FNH:5
FNDA:3,(anonymous_0)
FNDA:1,(anonymous_1)
FNDA:1,(anonymous_2)
FNDA:5,(anonymous_3)
FNDA:5,(anonymous_4)
DA:6,3
DA:7,3
DA:13,1
DA:14,1
DA:18,1
DA:19,1
DA:23,5
DA:24,5
DA:38,5
LF:9
LH:9
BRDA:33,0,0,4
BRDA:33,0,1,1
BRF:2
BRH:2
end_of_record
TN:
SF:/Volumes/Data/Project/Aimedis/app/scripts/constants/index.js
FNF:0
FNH:0
DA:12,11
DA:28,11
LF:2
LH:2
BRF:0
BRH:0
end_of_record
TN:
SF:/Volumes/Data/Project/Aimedis/app/scripts/containers/App.jsx
FN:56,(anonymous_0)
FN:70,(anonymous_1)
FNF:2
FNH:1
FNDA:0,(anonymous_0)
FNDA:1,(anonymous_1)
DA:57,0
DA:58,0
DA:61,0
DA:62,0
DA:65,0
DA:66,0
DA:71,1
DA:73,1
LF:8
LH:2
BRDA:61,0,0,0
BRDA:65,1,0,0
BRDA:65,1,1,0
BRF:3
BRH:0
end_of_record
TN:
SF:/Volumes/Data/Project/Aimedis/app/scripts/containers/SystemAlerts.jsx
FN:10,(anonymous_0)
FN:21,(anonymous_1)
FN:26,(anonymous_2)
FN:28,(anonymous_3)
FN:36,(anonymous_4)
FN:37,(anonymous_5)
FN:42,(anonymous_6)
FN:50,(anonymous_7)
FN:52,(anonymous_8)
FN:58,(anonymous_9)
FN:71,(anonymous_10)
FNF:11
FNH:11
FNDA:1,(anonymous_0)
FNDA:6,(anonymous_1)
FNDA:6,(anonymous_2)
FNDA:5,(anonymous_3)
FNDA:1,(anonymous_4)
FNDA:5,(anonymous_5)
FNDA:1,(anonymous_6)
FNDA:42,(anonymous_7)
FNDA:36,(anonymous_8)
FNDA:6,(anonymous_9)
FNDA:7,(anonymous_10)
DA:11,1
DA:13,1
DA:22,6
DA:25,6
DA:26,6
DA:27,6
DA:28,5
DA:29,5
DA:37,1
DA:38,5
DA:43,1
DA:44,1
DA:45,1
DA:47,1
DA:51,42
DA:52,42
DA:54,42
DA:55,36
DA:58,6
DA:59,6
DA:72,7
LF:21
LH:21
BRDA:25,0,0,6
BRDA:27,1,0,5
BRDA:27,1,1,1
BRDA:27,2,0,6
BRDA:27,2,1,5
BRDA:54,3,0,36
BRDA:54,3,1,6
BRF:7
BRH:7
end_of_record
TN:
SF:/Volumes/Data/Project/Aimedis/app/scripts/modules/client.js
FN:10,(anonymous_0)
FN:22,parseError
FN:37,request
FN:72,(anonymous_3)
FNF:4
FNH:4
FNDA:4,(anonymous_0)
FNDA:2,parseError
FNDA:7,request
FNDA:5,(anonymous_3)
DA:11,4
DA:13,4
DA:15,4
DA:16,4
DA:18,4
DA:23,2
DA:38,7
DA:42,7
DA:44,7
DA:45,1
DA:48,7
DA:49,1
DA:52,7
DA:53,2
DA:56,5
DA:62,5
DA:67,5
DA:68,1
DA:71,5
DA:73,5
DA:74,3
DA:75,3
DA:77,3
DA:78,2
DA:84,1
DA:90,3
DA:93,2
DA:94,2
DA:95,1
DA:98,1
LF:30
LH:30
BRDA:23,0,0,2
BRDA:23,0,1,1
BRDA:37,1,0,5
BRDA:44,2,0,1
BRDA:44,2,1,6
BRDA:48,3,0,1
BRDA:48,3,1,6
BRDA:48,4,0,7
BRDA:48,4,1,6
BRDA:48,4,2,1
BRDA:52,5,0,2
BRDA:52,5,1,5
BRDA:67,6,0,1
BRDA:67,6,1,4
BRDA:73,7,0,3
BRDA:73,7,1,2
BRDA:77,8,0,2
BRDA:77,8,1,1
BRDA:77,9,0,3
BRDA:77,9,1,2
BRDA:94,10,0,1
BRDA:94,10,1,1
BRDA:94,11,0,2
BRDA:94,11,1,1
BRF:24
BRH:24
end_of_record
TN:
SF:/Volumes/Data/Project/Aimedis/app/scripts/modules/helpers.js
FN:12,datasetToObject
FN:14,(anonymous_1)
FN:17,(anonymous_2)
FNF:3
FNH:3
FNDA:1,datasetToObject
FNDA:2,(anonymous_1)
FNDA:1,(anonymous_2)
DA:13,1
DA:14,1
DA:16,2
DA:17,2
DA:18,2
DA:21,1
LF:6
LH:6
BRDA:16,0,0,2
BRF:1
BRH:1
end_of_record
TN:
SF:/Volumes/Data/Project/Aimedis/app/scripts/modules/history.js
FNF:0
FNH:0
DA:5,3
DA:7,3
LF:2
LH:2
BRF:0
BRH:0
end_of_record
TN:
SF:/Volumes/Data/Project/Aimedis/app/scripts/pages/About.jsx
FN:10,(anonymous_0)
FN:11,(anonymous_1)
FNF:2
FNH:1
FNDA:1,(anonymous_0)
FNDA:0,(anonymous_1)
DA:11,1
DA:12,0
DA:13,0
DA:16,1
LF:4
LH:2
BRF:0
BRH:0
end_of_record
TN:
SF:/Volumes/Data/Project/Aimedis/app/scripts/pages/Blog.jsx
FN:7,(anonymous_0)
FNF:1
FNH:1
FNDA:1,(anonymous_0)
DA:8,1
LF:1
LH:1
BRF:0
BRH:0
end_of_record
TN:
SF:/Volumes/Data/Project/Aimedis/app/scripts/pages/BlogDetail.jsx
FN:8,(anonymous_0)
FNF:1
FNH:1
FNDA:1,(anonymous_0)
DA:8,3
DA:9,1
DA:185,3
DA:189,3
LF:4
LH:4
BRF:0
BRH:0
end_of_record
TN:
SF:/Volumes/Data/Project/Aimedis/app/scripts/pages/Career.jsx
FN:6,(anonymous_0)
FNF:1
FNH:1
FNDA:1,(anonymous_0)
DA:7,1
LF:1
LH:1
BRF:0
BRH:0
end_of_record
TN:
SF:/Volumes/Data/Project/Aimedis/app/scripts/pages/CareerDetail.jsx
FN:5,(anonymous_0)
FNF:1
FNH:1
FNDA:1,(anonymous_0)
DA:5,3
DA:6,1
DA:107,3
DA:111,3
LF:4
LH:4
BRF:0
BRH:0
end_of_record
TN:
SF:/Volumes/Data/Project/Aimedis/app/scripts/pages/Home.jsx
FN:17,(anonymous_0)
FNF:1
FNH:1
FNDA:1,(anonymous_0)
DA:18,1
DA:55,1
LF:2
LH:2
BRF:0
BRH:0
end_of_record
TN:
SF:/Volumes/Data/Project/Aimedis/app/scripts/pages/Institutions.jsx
FN:9,(anonymous_0)
FN:14,(anonymous_1)
FN:18,(anonymous_2)
FN:30,(anonymous_3)
FN:38,(anonymous_4)
FN:46,(anonymous_5)
FN:65,(anonymous_6)
FN:73,(anonymous_7)
FN:81,(anonymous_8)
FNF:9
FNH:9
FNDA:1,(anonymous_0)
FNDA:3,(anonymous_1)
FNDA:1,(anonymous_2)
FNDA:1,(anonymous_3)
FNDA:1,(anonymous_4)
FNDA:1,(anonymous_5)
FNDA:1,(anonymous_6)
FNDA:1,(anonymous_7)
FNDA:1,(anonymous_8)
DA:10,1
DA:11,1
DA:15,3
DA:19,1
DA:30,1
DA:38,1
DA:46,1
DA:65,1
DA:73,1
DA:81,1
LF:10
LH:10
BRF:0
BRH:0
end_of_record
TN:
SF:/Volumes/Data/Project/Aimedis/app/scripts/pages/Investor.jsx
FN:5,(anonymous_0)
FNF:1
FNH:1
FNDA:1,(anonymous_0)
DA:6,1
LF:1
LH:1
BRF:0
BRH:0
end_of_record
TN:
SF:/Volumes/Data/Project/Aimedis/app/scripts/pages/NotFound.jsx
FN:5,(anonymous_0)
FNF:1
FNH:1
FNDA:1,(anonymous_0)
DA:5,3
DA:6,1
LF:2
LH:2
BRF:0
BRH:0
end_of_record
TN:
SF:/Volumes/Data/Project/Aimedis/app/scripts/pages/Policy.jsx
FN:5,(anonymous_0)
FNF:1
FNH:1
FNDA:1,(anonymous_0)
DA:6,1
LF:1
LH:1
BRF:0
BRH:0
end_of_record
TN:
SF:/Volumes/Data/Project/Aimedis/app/scripts/pages/Product.jsx
FN:9,(anonymous_0)
FNF:1
FNH:1
FNDA:1,(anonymous_0)
DA:10,1
LF:1
LH:1
BRF:0
BRH:0
end_of_record
TN:
SF:/Volumes/Data/Project/Aimedis/app/scripts/pages/Profile.jsx
FN:5,(anonymous_0)
FNF:1
FNH:1
FNDA:1,(anonymous_0)
DA:6,1
LF:1
LH:1
BRF:0
BRH:0
end_of_record
TN:
SF:/Volumes/Data/Project/Aimedis/app/scripts/pages/Support.jsx
FN:6,(anonymous_0)
FN:13,(anonymous_1)
FN:15,(anonymous_2)
FN:20,(anonymous_3)
FN:21,(anonymous_4)
FNF:5
FNH:3
FNDA:1,(anonymous_0)
FNDA:1,(anonymous_1)
FNDA:0,(anonymous_2)
FNDA:2,(anonymous_3)
FNDA:0,(anonymous_4)
DA:7,1
DA:8,1
DA:14,1
DA:15,1
DA:16,0
DA:21,2
DA:22,0
DA:23,0
DA:26,2
DA:28,2
LF:10
LH:7
BRDA:57,0,0,2
BRDA:57,0,1,1
BRF:2
BRH:2
end_of_record
TN:
SF:/Volumes/Data/Project/Aimedis/app/scripts/pages/Terms.jsx
FN:5,(anonymous_0)
FNF:1
FNH:1
FNDA:1,(anonymous_0)
DA:6,1
LF:1
LH:1
BRF:0
BRH:0
end_of_record
TN:
SF:/Volumes/Data/Project/Aimedis/app/scripts/reducers/app.js
FN:13,(anonymous_0)
FN:16,(anonymous_1)
FN:17,(anonymous_2)
FN:23,(anonymous_3)
FNF:4
FNH:4
FNDA:2,(anonymous_0)
FNDA:1,(anonymous_1)
FNDA:1,(anonymous_2)
FNDA:1,(anonymous_3)
DA:7,3
DA:13,2
DA:17,1
DA:19,1
DA:23,1
LF:5
LH:5
BRF:0
BRH:0
end_of_record
TN:
SF:/Volumes/Data/Project/Aimedis/app/scripts/reducers/index.js
FNF:0
FNH:0
LF:0
LH:0
BRF:0
BRH:0
end_of_record
TN:
SF:/Volumes/Data/Project/Aimedis/app/scripts/reducers/user.js
FN:13,(anonymous_0)
FN:16,(anonymous_1)
FN:20,(anonymous_2)
FN:23,(anonymous_3)
FNF:4
FNH:4
FNDA:1,(anonymous_0)
FNDA:1,(anonymous_1)
FNDA:1,(anonymous_2)
FNDA:1,(anonymous_3)
DA:6,3
DA:13,1
DA:16,1
DA:20,1
DA:23,1
LF:5
LH:5
BRF:0
BRH:0
end_of_record
TN:
SF:/Volumes/Data/Project/Aimedis/app/scripts/routes/AboutRoute.jsx
FN:5,(anonymous_0)
FN:9,(anonymous_1)
FNF:2
FNH:2
FNDA:2,(anonymous_0)
FNDA:2,(anonymous_1)
DA:5,3
DA:6,2
DA:9,2
DA:14,3
DA:19,3
LF:5
LH:5
BRF:0
BRH:0
end_of_record
TN:
SF:/Volumes/Data/Project/Aimedis/app/scripts/routes/BlogDetailRoute.jsx
FN:5,(anonymous_0)
FN:9,(anonymous_1)
FNF:2
FNH:2
FNDA:2,(anonymous_0)
FNDA:2,(anonymous_1)
DA:5,3
DA:6,2
DA:9,2
DA:14,3
DA:19,3
LF:5
LH:5
BRF:0
BRH:0
end_of_record
TN:
SF:/Volumes/Data/Project/Aimedis/app/scripts/routes/BlogRoute.jsx
FN:5,(anonymous_0)
FN:9,(anonymous_1)
FNF:2
FNH:2
FNDA:2,(anonymous_0)
FNDA:2,(anonymous_1)
DA:5,3
DA:6,2
DA:9,2
DA:14,3
DA:19,3
LF:5
LH:5
BRF:0
BRH:0
end_of_record
TN:
SF:/Volumes/Data/Project/Aimedis/app/scripts/routes/CareerDetailRoute.jsx
FN:5,(anonymous_0)
FN:9,(anonymous_1)
FNF:2
FNH:2
FNDA:2,(anonymous_0)
FNDA:2,(anonymous_1)
DA:5,3
DA:6,2
DA:9,2
DA:14,3
DA:19,3
LF:5
LH:5
BRF:0
BRH:0
end_of_record
TN:
SF:/Volumes/Data/Project/Aimedis/app/scripts/routes/CareerRoute.jsx
FN:5,(anonymous_0)
FN:9,(anonymous_1)
FNF:2
FNH:2
FNDA:2,(anonymous_0)
FNDA:2,(anonymous_1)
DA:5,3
DA:6,2
DA:9,2
DA:14,3
DA:19,3
LF:5
LH:5
BRF:0
BRH:0
end_of_record
TN:
SF:/Volumes/Data/Project/Aimedis/app/scripts/routes/HomeRoute.jsx
FN:5,(anonymous_0)
FN:9,(anonymous_1)
FNF:2
FNH:2
FNDA:2,(anonymous_0)
FNDA:2,(anonymous_1)
DA:5,3
DA:6,2
DA:9,2
DA:14,3
DA:20,3
LF:5
LH:5
BRF:0
BRH:0
end_of_record
TN:
SF:/Volumes/Data/Project/Aimedis/app/scripts/routes/InstitutionsRoute.jsx
FN:5,(anonymous_0)
FN:9,(anonymous_1)
FNF:2
FNH:2
FNDA:2,(anonymous_0)
FNDA:2,(anonymous_1)
DA:5,3
DA:6,2
DA:9,2
DA:14,3
DA:19,3
LF:5
LH:5
BRF:0
BRH:0
end_of_record
TN:
SF:/Volumes/Data/Project/Aimedis/app/scripts/routes/InvestorRoute.jsx
FN:5,(anonymous_0)
FN:9,(anonymous_1)
FNF:2
FNH:2
FNDA:2,(anonymous_0)
FNDA:2,(anonymous_1)
DA:5,3
DA:6,2
DA:9,2
DA:14,3
DA:20,3
LF:5
LH:5
BRF:0
BRH:0
end_of_record
TN:
SF:/Volumes/Data/Project/Aimedis/app/scripts/routes/PolicyRoute.jsx
FN:5,(anonymous_0)
FN:9,(anonymous_1)
FNF:2
FNH:2
FNDA:2,(anonymous_0)
FNDA:2,(anonymous_1)
DA:5,3
DA:6,2
DA:9,2
DA:14,3
DA:20,3
LF:5
LH:5
BRF:0
BRH:0
end_of_record
TN:
SF:/Volumes/Data/Project/Aimedis/app/scripts/routes/ProductRoute.jsx
FN:5,(anonymous_0)
FN:9,(anonymous_1)
FNF:2
FNH:2
FNDA:2,(anonymous_0)
FNDA:2,(anonymous_1)
DA:5,3
DA:6,2
DA:9,2
DA:14,3
DA:19,3
LF:5
LH:5
BRF:0
BRH:0
end_of_record
TN:
SF:/Volumes/Data/Project/Aimedis/app/scripts/routes/ProfileRoute.jsx
FN:5,(anonymous_0)
FN:8,(anonymous_1)
FNF:2
FNH:2
FNDA:2,(anonymous_0)
FNDA:2,(anonymous_1)
DA:5,3
DA:6,2
DA:9,2
DA:23,3
DA:30,3
LF:5
LH:5
BRDA:9,0,0,1
BRDA:9,0,1,1
BRF:2
BRH:2
end_of_record
TN:
SF:/Volumes/Data/Project/Aimedis/app/scripts/routes/SupportRoute.jsx
FN:5,(anonymous_0)
FN:9,(anonymous_1)
FNF:2
FNH:2
FNDA:2,(anonymous_0)
FNDA:2,(anonymous_1)
DA:5,3
DA:6,2
DA:9,2
DA:14,3
DA:19,3
LF:5
LH:5
BRF:0
BRH:0
end_of_record
TN:
SF:/Volumes/Data/Project/Aimedis/app/scripts/routes/TermsRoute.jsx
FN:5,(anonymous_0)
FN:9,(anonymous_1)
FNF:2
FNH:2
FNDA:2,(anonymous_0)
FNDA:2,(anonymous_1)
DA:5,3
DA:6,2
DA:9,2
DA:14,3
DA:20,3
LF:5
LH:5
BRF:0
BRH:0
end_of_record
TN:
SF:/Volumes/Data/Project/Aimedis/app/scripts/sagas/index.js
FN:8,root
FNF:1
FNH:1
FNDA:2,root
DA:9,2
LF:1
LH:1
BRF:0
BRH:0
end_of_record
TN:
SF:/Volumes/Data/Project/Aimedis/app/scripts/sagas/user.js
FN:14,login
FN:34,logout
FN:54,root
FNF:3
FNH:3
FNDA:1,login
FNDA:1,logout
FNDA:3,root
DA:15,1
DA:16,1
DA:18,1
DA:35,1
DA:36,1
DA:38,1
DA:55,3
LF:7
LH:7
BRF:0
BRH:0
end_of_record
TN:
SF:/Volumes/Data/Project/Aimedis/app/scripts/store/index.js
FNF:0
FNH:0
DA:12,2
DA:21,2
DA:47,2
DA:49,2
LF:4
LH:4
BRDA:21,0,0,2
BRDA:21,0,1,2
BRF:2
BRH:2
end_of_record
TN:
SF:/Volumes/Data/Project/Aimedis/app/scripts/store/middleware.js
FNF:0
FNH:0
DA:5,2
DA:7,2
LF:2
LH:2
BRF:0
BRH:0
end_of_record
